<?xml version="1.0" encoding="UTF-8"?>
<!-- Generated by org.testng.reporters.JUnitXMLReporter -->
<testsuite ignored="0" hostname="islam-Inspiron-5570" failures="0" tests="2" name="FirefoxRegression Test" time="50.624" errors="0" timestamp="2020-07-22T13:18:21 EET">
  <testcase classname="Test.ContactUSinParallel" name="insertTheINFtoContactUs" time="4.743"/>
  <testcase classname="Test.ContactUSinParallel" name="insertTheINFtoContactUs" time="6.217"/>
</testsuite> <!-- FirefoxRegression Test -->
