<?xml version="1.0" encoding="UTF-8"?>
<!-- Generated by org.testng.reporters.JUnitXMLReporter -->
<testsuite ignored="0" hostname="islam-Inspiron-5570" failures="0" tests="3" name="Regression Test" time="14.687" errors="0" timestamp="2020-06-26T13:08:17 EET">
  <testcase classname="Test.UserRegistrationTestDDTUsingFakerLibrary" name="userRegistration" time="9.046"/>
  <testcase classname="Test.UserRegistrationTestDDTUsingFakerLibrary" name="closeTheNotification_test" time="0.103"/>
  <testcase classname="Test.UserRegistrationTestDDTUsingFakerLibrary" name="userLogout" time="5.187"/>
</testsuite> <!-- Regression Test -->
