<?xml version="1.0" encoding="UTF-8"?>
<testng-results ignored="0" total="1" passed="1" failed="0" skipped="0">
  <reporter-output>
  </reporter-output>
  <suite started-at="2020-06-11T21:19:43 EET" name="nopCommerce Regression Suite" finished-at="2020-06-11T21:19:52 EET" duration-ms="9011">
    <groups>
    </groups>
    <test started-at="2020-06-11T21:19:43 EET" name="Regression Test" finished-at="2020-06-11T21:19:52 EET" duration-ms="9011">
      <class name="Test.UserRegistrationTestDDTUsingPropertiesFile">
        <test-method is-config="true" signature="openURL(java.lang.String)[pri:0, instance:Test.UserRegistrationTestDDTUsingPropertiesFile@1372ed45]" started-at="2020-06-11T21:19:33 EET" name="openURL" finished-at="2020-06-11T21:19:43 EET" duration-ms="10137" status="PASS">
          <params>
            <param index="0">
              <value>
                <![CDATA[firefox]]>
              </value>
            </param>
          </params>
          <reporter-output>
          </reporter-output>
        </test-method> <!-- openURL -->
        <test-method signature="userRegistration()[pri:0, instance:Test.UserRegistrationTestDDTUsingPropertiesFile@1372ed45]" started-at="2020-06-11T21:19:43 EET" name="userRegistration" finished-at="2020-06-11T21:19:52 EET" duration-ms="8972" status="PASS">
          <reporter-output>
          </reporter-output>
        </test-method> <!-- userRegistration -->
        <test-method is-config="true" signature="screenshotOnfailure(org.testng.ITestResult)[pri:0, instance:Test.UserRegistrationTestDDTUsingPropertiesFile@1372ed45]" started-at="2020-06-11T21:19:52 EET" name="screenshotOnfailure" finished-at="2020-06-11T21:19:52 EET" duration-ms="2" status="PASS">
          <params>
            <param index="0">
              <value>
                <![CDATA[[TestResult name=userRegistration status=SUCCESS method=UserRegistrationTestDDTUsingPropertiesFile.userRegistration()[pri:0, instance:Test.UserRegistrationTestDDTUsingPropertiesFile@1372ed45] output={null}]]]>
              </value>
            </param>
          </params>
          <reporter-output>
          </reporter-output>
        </test-method> <!-- screenshotOnfailure -->
        <test-method is-config="true" signature="closeBrowser()[pri:0, instance:Test.UserRegistrationTestDDTUsingPropertiesFile@1372ed45]" started-at="2020-06-11T21:19:52 EET" name="closeBrowser" finished-at="2020-06-11T21:19:52 EET" duration-ms="0" status="PASS">
          <reporter-output>
          </reporter-output>
        </test-method> <!-- closeBrowser -->
      </class> <!-- Test.UserRegistrationTestDDTUsingPropertiesFile -->
    </test> <!-- Regression Test -->
  </suite> <!-- nopCommerce Regression Suite -->
</testng-results>
