<?xml version="1.0" encoding="UTF-8"?>
<testsuite xmlns:xsi="http://www.w3.org/2001/XMLSchema-instance" xsi:noNamespaceSchemaLocation="https://maven.apache.org/surefire/maven-surefire-plugin/xsd/surefire-test-report-3.0.xsd" version="3.0" name="TestSuite" time="53.706" tests="3" errors="0" skipped="0" failures="0">
  <properties>
[...]
</properties>
  <testcase name="userRegistration" classname="Test.UserRegistrationTestDDTUsingFakerLibrary" time="9.341"/>
  <testcase name="closeTheNotification_test" classname="Test.UserRegistrationTestDDTUsingFakerLibrary" time="0.293"/>
  <testcase name="userLogout" classname="Test.UserRegistrationTestDDTUsingFakerLibrary" time="5.797"/>
</testsuite>