<?xml version="1.0" encoding="UTF-8"?>
<testng-results ignored="0" total="1" passed="1" failed="0" skipped="0">
  <reporter-output>
  </reporter-output>
  <suite started-at="2020-07-19T20:18:42 EET" name="nopCommerce Regression Suite" finished-at="2020-07-19T20:19:26 EET" duration-ms="43768">
    <groups>
    </groups>
    <test started-at="2020-07-19T20:18:42 EET" name="FirefoxRegression Test" finished-at="2020-07-19T20:19:26 EET" duration-ms="43768">
      <class name="Test.ContactUSinParallel">
        <test-method is-config="true" signature="setUp(java.lang.String)[pri:0, instance:Test.ContactUSinParallel@5db45159]" started-at="2020-07-19T20:18:42 EET" name="setUp" finished-at="2020-07-19T20:19:07 EET" duration-ms="25538" status="PASS">
          <params>
            <param index="0">
              <value>
                <![CDATA[firefox]]>
              </value>
            </param>
          </params>
          <reporter-output>
          </reporter-output>
        </test-method> <!-- setUp -->
        <test-method signature="insertTheINFtoContactUs()[pri:0, instance:Test.ContactUSinParallel@5db45159]" started-at="2020-07-19T20:19:07 EET" name="insertTheINFtoContactUs" finished-at="2020-07-19T20:19:13 EET" duration-ms="5348" status="PASS">
          <reporter-output>
          </reporter-output>
        </test-method> <!-- insertTheINFtoContactUs -->
        <test-method is-config="true" signature="stopDriver()[pri:0, instance:Test.ContactUSinParallel@5db45159]" started-at="2020-07-19T20:19:13 EET" name="stopDriver" finished-at="2020-07-19T20:19:26 EET" duration-ms="12858" status="PASS">
          <reporter-output>
          </reporter-output>
        </test-method> <!-- stopDriver -->
      </class> <!-- Test.ContactUSinParallel -->
    </test> <!-- FirefoxRegression Test -->
  </suite> <!-- nopCommerce Regression Suite -->
</testng-results>
