<?xml version="1.0" encoding="UTF-8"?>
<!-- Generated by org.testng.reporters.JUnitXMLReporter -->
<testsuite ignored="2" hostname="islam-Inspiron-5570" failures="0" tests="2" name="Regression Test" time="11.824" errors="0" timestamp="2020-07-01T14:14:41 EET">
  <testcase classname="Test.UserLoginTest" name="UserLogin" time="6.628"/>
  <testcase classname="Test.MyAccountTest" name="openUserAccount" time="5.029"/>
  <testcase classname="Test.TestBase" name="@BeforeSuite openURL" time="0.0">
    <ignored/>
  </testcase> <!-- @BeforeSuite openURL -->
  <testcase classname="Test.TestBase" name="@AfterSuite closeBrowser" time="0.0">
    <ignored/>
  </testcase> <!-- @AfterSuite closeBrowser -->
</testsuite> <!-- Regression Test -->
