<?xml version="1.0" encoding="UTF-8"?>
<!-- Generated by org.testng.reporters.JUnitXMLReporter -->
<testsuite ignored="0" hostname="islam-Inspiron-5570" failures="0" tests="3" name="Regression Test" time="15.567" errors="0" timestamp="2020-07-01T13:14:44 EET">
  <testcase classname="Test.UserRegistrationTestDDTUsingFakerLibrary" name="userRegistration" time="9.34"/>
  <testcase classname="Test.UserRegistrationTestDDTUsingFakerLibrary" name="closeTheNotification_test" time="0.292"/>
  <testcase classname="Test.UserRegistrationTestDDTUsingFakerLibrary" name="userLogout" time="5.795"/>
</testsuite> <!-- Regression Test -->
